{"/Users/pablosirera/Dev/Personal/tracking-plants/src/constants/index.js": {"path":"/Users/pablosirera/Dev/Personal/tracking-plants/src/constants/index.js","statementMap":{},"fnMap":{},"branchMap":{},"s":{},"f":{},"b":{},"_coverageSchema":"43e27e138ebf9cfc5966b082cf9a028302ed4184","hash":"b936810ee133c487c41a3d5603e0cbd48d87fddb"}
,"/Users/pablosirera/Dev/Personal/tracking-plants/src/constants/routes.js": {"path":"/Users/pablosirera/Dev/Personal/tracking-plants/src/constants/routes.js","statementMap":{"0":{"start":{"line":1,"column":22},"end":{"line":10,"column":1}}},"fnMap":{},"branchMap":{},"s":{"0":2},"f":{},"b":{},"_coverageSchema":"43e27e138ebf9cfc5966b082cf9a028302ed4184","hash":"5fad84f2477a52d3d9fc8a8c23700d1aeedc3e3c"}
,"/Users/pablosirera/Dev/Personal/tracking-plants/src/views/home/index.vue": {"path":"/Users/pablosirera/Dev/Personal/tracking-plants/src/views/home/index.vue","statementMap":{"0":{"start":{"line":8,"column":0},"end":{"line":8,"column":null}}},"fnMap":{},"branchMap":{},"s":{"0":1},"f":{},"b":{}}
,"/Users/pablosirera/Dev/Personal/tracking-plants/src/views/home/components/ListPlants.vue": {"path":"/Users/pablosirera/Dev/Personal/tracking-plants/src/views/home/components/ListPlants.vue","statementMap":{"0":{"start":{"line":22,"column":0},"end":{"line":22,"column":null}},"1":{"start":{"line":28,"column":0},"end":{"line":28,"column":null}}},"fnMap":{"0":{"name":"(anonymous_1)","decl":{"start":{"line":27,"column":0},"end":{"line":27,"column":null}},"loc":{"start":{"line":27,"column":0},"end":{"line":29,"column":null}}}},"branchMap":{},"s":{"0":2,"1":1},"f":{"0":1},"b":{}}
}
