TN:
SF:/Users/pablosirera/Dev/Personal/tracking-plants/src/constants/index.js
FNF:0
FNH:0
LF:0
LH:0
BRF:0
BRH:0
end_of_record
TN:
SF:/Users/pablosirera/Dev/Personal/tracking-plants/src/constants/routes.js
FNF:0
FNH:0
DA:1,2
LF:1
LH:1
BRF:0
BRH:0
end_of_record
TN:
SF:/Users/pablosirera/Dev/Personal/tracking-plants/src/views/home/index.vue
FNF:0
FNH:0
DA:8,1
LF:1
LH:1
BRF:0
BRH:0
end_of_record
TN:
SF:/Users/pablosirera/Dev/Personal/tracking-plants/src/views/home/components/ListPlants.vue
FN:27,(anonymous_1)
FNF:1
FNH:1
FNDA:1,(anonymous_1)
DA:22,2
DA:28,1
LF:2
LH:2
BRF:0
BRH:0
end_of_record
